[debug] [2018-03-01T10:53:24.039Z] ----------------------------------------------------------------------
[debug] [2018-03-01T10:53:24.043Z] Command:       C:\Program Files\nodejs\node.exe C:\Users\ollsaa\AppData\Roaming\npm\node_modules\firebase-tools\bin\firebase deploy
[debug] [2018-03-01T10:53:24.044Z] CLI Version:   3.16.0
[debug] [2018-03-01T10:53:24.044Z] Platform:      win32
[debug] [2018-03-01T10:53:24.044Z] Node Version:  v6.10.3
[debug] [2018-03-01T10:53:24.045Z] Time:          Thu Mar 01 2018 12:53:24 GMT+0200 (FLE Standard Time)
[debug] [2018-03-01T10:53:24.045Z] ----------------------------------------------------------------------
[debug] 
[debug] [2018-03-01T10:53:24.070Z] > command requires scopes: ["email","openid","https://www.googleapis.com/auth/cloudplatformprojects.readonly","https://www.googleapis.com/auth/firebase","https://www.googleapis.com/auth/cloud-platform"]
[debug] [2018-03-01T10:53:24.071Z] > authorizing via signed-in user
[debug] [2018-03-01T10:53:24.076Z] >>> HTTP REQUEST GET https://admin.firebase.com/v1/projects/onlineshop-opa-redux  
  
 Thu Mar 01 2018 12:53:24 GMT+0200 (FLE Standard Time)
[debug] [2018-03-01T10:53:26.850Z] <<< HTTP RESPONSE 200
[debug] [2018-03-01T10:53:26.852Z] >>> HTTP REQUEST GET https://admin.firebase.com/v1/database/onlineshop-opa-redux/tokens  
  
 Thu Mar 01 2018 12:53:26 GMT+0200 (FLE Standard Time)
[debug] [2018-03-01T10:53:27.853Z] <<< HTTP RESPONSE 200
[info] 
[info] === Deploying to 'onlineshop-opa-redux'...
[info] 
[info] i  deploying hosting
[info] i  hosting: preparing dist directory for upload...
[debug] [2018-03-01T10:54:00.247Z] >>> HTTP REQUEST PUT https://deploy.firebase.com/v1/hosting/onlineshop-opa-redux/uploads/-L6WBcCpf3DFa2JVOF9-?fileCount=26&message=  
  
 Thu Mar 01 2018 12:54:00 GMT+0200 (FLE Standard Time)
[debug] [2018-03-01T10:54:42.632Z] Error: connect ETIMEDOUT 23.251.151.130:443
    at Object.exports._errnoException (util.js:1018:11)
    at exports._exceptionWithHostPort (util.js:1041:20)
    at TCPConnectWrap.afterConnect [as oncomplete] (net.js:1086:14)
[error] 
[error] Error: Server Error. connect ETIMEDOUT 23.251.151.130:443
[debug] [2018-03-01T10:55:21.895Z] ----------------------------------------------------------------------
[debug] [2018-03-01T10:55:21.901Z] Command:       C:\Program Files\nodejs\node.exe C:\Users\ollsaa\AppData\Roaming\npm\node_modules\firebase-tools\bin\firebase deploy
[debug] [2018-03-01T10:55:21.902Z] CLI Version:   3.16.0
[debug] [2018-03-01T10:55:21.902Z] Platform:      win32
[debug] [2018-03-01T10:55:21.902Z] Node Version:  v6.10.3
[debug] [2018-03-01T10:55:21.902Z] Time:          Thu Mar 01 2018 12:55:21 GMT+0200 (FLE Standard Time)
[debug] [2018-03-01T10:55:21.903Z] ----------------------------------------------------------------------
[debug] 
[debug] [2018-03-01T10:55:21.929Z] > command requires scopes: ["email","openid","https://www.googleapis.com/auth/cloudplatformprojects.readonly","https://www.googleapis.com/auth/firebase","https://www.googleapis.com/auth/cloud-platform"]
[debug] [2018-03-01T10:55:21.929Z] > authorizing via signed-in user
[debug] [2018-03-01T10:55:21.933Z] >>> HTTP REQUEST GET https://admin.firebase.com/v1/projects/onlineshop-opa-redux  
  
 Thu Mar 01 2018 12:55:21 GMT+0200 (FLE Standard Time)
[debug] [2018-03-01T10:55:23.361Z] <<< HTTP RESPONSE 200
[debug] [2018-03-01T10:55:23.367Z] >>> HTTP REQUEST GET https://admin.firebase.com/v1/database/onlineshop-opa-redux/tokens  
  
 Thu Mar 01 2018 12:55:23 GMT+0200 (FLE Standard Time)
[debug] [2018-03-01T10:55:24.452Z] <<< HTTP RESPONSE 200
[info] 
[info] === Deploying to 'onlineshop-opa-redux'...
[info] 
[info] i  deploying hosting
[info] i  hosting: preparing dist directory for upload...
[debug] [2018-03-01T10:55:26.886Z] >>> HTTP REQUEST PUT https://deploy.firebase.com/v1/hosting/onlineshop-opa-redux/uploads/-L6WBxPLpTWn9IIYmKzL?fileCount=26&message=  
  
 Thu Mar 01 2018 12:55:26 GMT+0200 (FLE Standard Time)
[debug] [2018-03-01T10:56:09.000Z] Error: connect ETIMEDOUT 23.251.151.130:443
    at Object.exports._errnoException (util.js:1018:11)
    at exports._exceptionWithHostPort (util.js:1041:20)
    at TCPConnectWrap.afterConnect [as oncomplete] (net.js:1086:14)
[error] 
[error] Error: Server Error. connect ETIMEDOUT 23.251.151.130:443
